<?xml version="1.0" encoding="UTF-8"?>
<testng-results skipped="0" failed="0" total="1" passed="1">
  <reporter-output>
  </reporter-output>
  <suite name="Default suite" duration-ms="15339" started-at="2020-01-23T04:11:34Z" finished-at="2020-01-23T04:11:49Z">
    <groups>
    </groups>
    <test name="Default test" duration-ms="15339" started-at="2020-01-23T04:11:34Z" finished-at="2020-01-23T04:11:49Z">
      <class name="com.misc.prac.Actions_prac">
        <test-method status="PASS" signature="f()[pri:0, instance:com.misc.prac.Actions_prac@5419f379]" name="f" duration-ms="15306" started-at="2020-01-23T09:41:34Z" finished-at="2020-01-23T09:41:49Z">
          <reporter-output>
          </reporter-output>
        </test-method> <!-- f -->
      </class> <!-- com.misc.prac.Actions_prac -->
    </test> <!-- Default test -->
  </suite> <!-- Default suite -->
</testng-results>
